<?xml version="1.0" encoding="UTF-8"?>
<testsuite xmlns:xsi="http://www.w3.org/2001/XMLSchema-instance" xsi:noNamespaceSchemaLocation="https://maven.apache.org/surefire/maven-surefire-plugin/xsd/surefire-test-report.xsd" name="com.educandoweb.AppTest" time="0.032" tests="1" errors="0" skipped="0" failures="0">
  <properties>
    <property name="awt.toolkit" value="sun.awt.X11.XToolkit"/>
    <property name="java.specification.version" value="11"/>
    <property name="sun.cpu.isalist" value=""/>
    <property name="sun.jnu.encoding" value="UTF-8"/>
    <property name="java.class.path" value="/workspace/javajpamaven/target/test-classes:/workspace/javajpamaven/target/classes:/workspace/m2-repository/mysql/mysql-connector-java/8.0.30/mysql-connector-java-8.0.30.jar:/workspace/m2-repository/com/google/protobuf/protobuf-java/3.19.4/protobuf-java-3.19.4.jar:/workspace/m2-repository/jakarta/persistence/jakarta.persistence-api/3.0.0/jakarta.persistence-api-3.0.0.jar:/workspace/m2-repository/jakarta/transaction/jakarta.transaction-api/2.0.0/jakarta.transaction-api-2.0.0.jar:/workspace/m2-repository/org/jboss/logging/jboss-logging/3.4.3.Final/jboss-logging-3.4.3.Final.jar:/workspace/m2-repository/org/hibernate/common/hibernate-commons-annotations/6.0.2.Final/hibernate-commons-annotations-6.0.2.Final.jar:/workspace/m2-repository/org/jboss/jandex/2.4.2.Final/jandex-2.4.2.Final.jar:/workspace/m2-repository/com/fasterxml/classmate/1.5.1/classmate-1.5.1.jar:/workspace/m2-repository/net/bytebuddy/byte-buddy/1.12.9/byte-buddy-1.12.9.jar:/workspace/m2-repository/jakarta/xml/bind/jakarta.xml.bind-api/3.0.1/jakarta.xml.bind-api-3.0.1.jar:/workspace/m2-repository/com/sun/activation/jakarta.activation/2.0.1/jakarta.activation-2.0.1.jar:/workspace/m2-repository/org/glassfish/jaxb/jaxb-runtime/3.0.2/jaxb-runtime-3.0.2.jar:/workspace/m2-repository/org/glassfish/jaxb/jaxb-core/3.0.2/jaxb-core-3.0.2.jar:/workspace/m2-repository/org/glassfish/jaxb/txw2/3.0.2/txw2-3.0.2.jar:/workspace/m2-repository/com/sun/istack/istack-commons-runtime/4.0.1/istack-commons-runtime-4.0.1.jar:/workspace/m2-repository/jakarta/inject/jakarta.inject-api/2.0.0/jakarta.inject-api-2.0.0.jar:/workspace/m2-repository/org/antlr/antlr4-runtime/4.10/antlr4-runtime-4.10.jar:/workspace/m2-repository/org/hibernate/orm/hibernate-core/6.0.0.Alpha7/hibernate-core-6.0.0.Alpha7.jar:/workspace/m2-repository/org/antlr/antlr4/4.9.1/antlr4-4.9.1.jar:/workspace/m2-repository/org/antlr/antlr-runtime/3.5.2/antlr-runtime-3.5.2.jar:/workspace/m2-repository/org/antlr/ST4/4.3/ST4-4.3.jar:/workspace/m2-repository/org/abego/treelayout/org.abego.treelayout.core/1.0.3/org.abego.treelayout.core-1.0.3.jar:/workspace/m2-repository/org/glassfish/javax.json/1.0.4/javax.json-1.0.4.jar:/workspace/m2-repository/com/ibm/icu/icu4j/61.1/icu4j-61.1.jar:/workspace/m2-repository/javax/activation/javax.activation-api/1.2.0/javax.activation-api-1.2.0.jar:/workspace/m2-repository/javax/xml/bind/jaxb-api/2.3.1/jaxb-api-2.3.1.jar:/workspace/m2-repository/org/dom4j/dom4j/2.1.3/dom4j-2.1.3.jar:/workspace/m2-repository/javax/persistence/javax.persistence-api/2.2/javax.persistence-api-2.2.jar:/workspace/m2-repository/org/jboss/spec/javax/transaction/jboss-transaction-api_1.2_spec/1.1.1.Final/jboss-transaction-api_1.2_spec-1.1.1.Final.jar:/workspace/m2-repository/junit/junit/4.11/junit-4.11.jar:/workspace/m2-repository/org/hamcrest/hamcrest-core/1.3/hamcrest-core-1.3.jar:"/>
    <property name="java.vm.vendor" value="Azul Systems, Inc."/>
    <property name="sun.arch.data.model" value="64"/>
    <property name="java.vendor.url" value="http://www.azul.com/"/>
    <property name="user.timezone" value=""/>
    <property name="java.vm.specification.version" value="11"/>
    <property name="os.name" value="Linux"/>
    <property name="sun.java.launcher" value="SUN_STANDARD"/>
    <property name="user.country" value="US"/>
    <property name="sun.boot.library.path" value="/home/gitpod/.sdkman/candidates/java/11.0.16.fx-zulu/lib"/>
    <property name="sun.java.command" value="/workspace/javajpamaven/target/surefire/surefirebooter228555552632582571.jar /workspace/javajpamaven/target/surefire 2022-08-30T18-08-31_672-jvmRun1 surefire5651338545213871991tmp surefire_07908909974979621067tmp"/>
    <property name="jdk.debug" value="release"/>
    <property name="surefire.test.class.path" value="/workspace/javajpamaven/target/test-classes:/workspace/javajpamaven/target/classes:/workspace/m2-repository/mysql/mysql-connector-java/8.0.30/mysql-connector-java-8.0.30.jar:/workspace/m2-repository/com/google/protobuf/protobuf-java/3.19.4/protobuf-java-3.19.4.jar:/workspace/m2-repository/jakarta/persistence/jakarta.persistence-api/3.0.0/jakarta.persistence-api-3.0.0.jar:/workspace/m2-repository/jakarta/transaction/jakarta.transaction-api/2.0.0/jakarta.transaction-api-2.0.0.jar:/workspace/m2-repository/org/jboss/logging/jboss-logging/3.4.3.Final/jboss-logging-3.4.3.Final.jar:/workspace/m2-repository/org/hibernate/common/hibernate-commons-annotations/6.0.2.Final/hibernate-commons-annotations-6.0.2.Final.jar:/workspace/m2-repository/org/jboss/jandex/2.4.2.Final/jandex-2.4.2.Final.jar:/workspace/m2-repository/com/fasterxml/classmate/1.5.1/classmate-1.5.1.jar:/workspace/m2-repository/net/bytebuddy/byte-buddy/1.12.9/byte-buddy-1.12.9.jar:/workspace/m2-repository/jakarta/xml/bind/jakarta.xml.bind-api/3.0.1/jakarta.xml.bind-api-3.0.1.jar:/workspace/m2-repository/com/sun/activation/jakarta.activation/2.0.1/jakarta.activation-2.0.1.jar:/workspace/m2-repository/org/glassfish/jaxb/jaxb-runtime/3.0.2/jaxb-runtime-3.0.2.jar:/workspace/m2-repository/org/glassfish/jaxb/jaxb-core/3.0.2/jaxb-core-3.0.2.jar:/workspace/m2-repository/org/glassfish/jaxb/txw2/3.0.2/txw2-3.0.2.jar:/workspace/m2-repository/com/sun/istack/istack-commons-runtime/4.0.1/istack-commons-runtime-4.0.1.jar:/workspace/m2-repository/jakarta/inject/jakarta.inject-api/2.0.0/jakarta.inject-api-2.0.0.jar:/workspace/m2-repository/org/antlr/antlr4-runtime/4.10/antlr4-runtime-4.10.jar:/workspace/m2-repository/org/hibernate/orm/hibernate-core/6.0.0.Alpha7/hibernate-core-6.0.0.Alpha7.jar:/workspace/m2-repository/org/antlr/antlr4/4.9.1/antlr4-4.9.1.jar:/workspace/m2-repository/org/antlr/antlr-runtime/3.5.2/antlr-runtime-3.5.2.jar:/workspace/m2-repository/org/antlr/ST4/4.3/ST4-4.3.jar:/workspace/m2-repository/org/abego/treelayout/org.abego.treelayout.core/1.0.3/org.abego.treelayout.core-1.0.3.jar:/workspace/m2-repository/org/glassfish/javax.json/1.0.4/javax.json-1.0.4.jar:/workspace/m2-repository/com/ibm/icu/icu4j/61.1/icu4j-61.1.jar:/workspace/m2-repository/javax/activation/javax.activation-api/1.2.0/javax.activation-api-1.2.0.jar:/workspace/m2-repository/javax/xml/bind/jaxb-api/2.3.1/jaxb-api-2.3.1.jar:/workspace/m2-repository/org/dom4j/dom4j/2.1.3/dom4j-2.1.3.jar:/workspace/m2-repository/javax/persistence/javax.persistence-api/2.2/javax.persistence-api-2.2.jar:/workspace/m2-repository/org/jboss/spec/javax/transaction/jboss-transaction-api_1.2_spec/1.1.1.Final/jboss-transaction-api_1.2_spec-1.1.1.Final.jar:/workspace/m2-repository/junit/junit/4.11/junit-4.11.jar:/workspace/m2-repository/org/hamcrest/hamcrest-core/1.3/hamcrest-core-1.3.jar:"/>
    <property name="sun.cpu.endian" value="little"/>
    <property name="user.home" value="/home/gitpod"/>
    <property name="user.language" value="en"/>
    <property name="java.specification.vendor" value="Oracle Corporation"/>
    <property name="java.version.date" value="2022-07-19"/>
    <property name="java.home" value="/home/gitpod/.sdkman/candidates/java/11.0.16.fx-zulu"/>
    <property name="file.separator" value="/"/>
    <property name="basedir" value="/workspace/javajpamaven"/>
    <property name="java.vm.compressedOopsMode" value="Zero based"/>
    <property name="line.separator" value="&#10;"/>
    <property name="java.specification.name" value="Java Platform API Specification"/>
    <property name="java.vm.specification.vendor" value="Oracle Corporation"/>
    <property name="jdk.vendor.version" value="Zulu11.58+15-CA"/>
    <property name="java.awt.graphicsenv" value="sun.awt.X11GraphicsEnvironment"/>
    <property name="surefire.real.class.path" value="/workspace/javajpamaven/target/surefire/surefirebooter228555552632582571.jar"/>
    <property name="sun.management.compiler" value="HotSpot 64-Bit Tiered Compilers"/>
    <property name="java.runtime.version" value="11.0.16+8-LTS"/>
    <property name="user.name" value="gitpod"/>
    <property name="path.separator" value=":"/>
    <property name="os.version" value="5.15.0-46-generic"/>
    <property name="java.runtime.name" value="OpenJDK Runtime Environment"/>
    <property name="file.encoding" value="UTF-8"/>
    <property name="java.vm.name" value="OpenJDK 64-Bit Server VM"/>
    <property name="java.vendor.version" value="Zulu11.58+15-CA"/>
    <property name="localRepository" value="/workspace/m2-repository"/>
    <property name="java.vendor.url.bug" value="http://www.azul.com/support/"/>
    <property name="java.io.tmpdir" value="/tmp"/>
    <property name="java.version" value="11.0.16"/>
    <property name="user.dir" value="/workspace/javajpamaven"/>
    <property name="os.arch" value="amd64"/>
    <property name="java.vm.specification.name" value="Java Virtual Machine Specification"/>
    <property name="java.awt.printerjob" value="sun.print.PSPrinterJob"/>
    <property name="sun.os.patch.level" value="unknown"/>
    <property name="java.library.path" value="/usr/java/packages/lib:/usr/lib64:/lib64:/lib:/usr/lib"/>
    <property name="java.vm.info" value="mixed mode"/>
    <property name="java.vendor" value="Azul Systems, Inc."/>
    <property name="java.vm.version" value="11.0.16+8-LTS"/>
    <property name="sun.io.unicode.encoding" value="UnicodeLittle"/>
    <property name="java.class.version" value="55.0"/>
  </properties>
  <testcase name="shouldAnswerWithTrue" classname="com.educandoweb.AppTest" time="0.001"/>
</testsuite>